Analysis & Synthesis report for key_xd_seg
Wed Jul 12 19:33:37 2023
Quartus Prime Version 18.1.0 Build 625 09/12/2018 SJ Lite Edition


---------------------
; Table of Contents ;
---------------------
  1. Legal Notice
  2. Analysis & Synthesis Summary
  3. Analysis & Synthesis Settings
  4. Parallel Compilation
  5. Analysis & Synthesis Source Files Read
  6. Analysis & Synthesis Resource Usage Summary
  7. Analysis & Synthesis Resource Utilization by Entity
  8. General Register Statistics
  9. Inverted Register Statistics
 10. Multiplexer Restructuring Statistics (Restructuring Performed)
 11. Parameter Settings for User Entity Instance: key_xd:key_xd
 12. Post-Synthesis Netlist Statistics for Top Partition
 13. Elapsed Time Per Partition
 14. Analysis & Synthesis Messages



----------------
; Legal Notice ;
----------------
Copyright (C) 2018  Intel Corporation. All rights reserved.
Your use of Intel Corporation's design tools, logic functions 
and other software and tools, and its AMPP partner logic 
functions, and any output files from any of the foregoing 
(including device programming or simulation files), and any 
associated documentation or information are expressly subject 
to the terms and conditions of the Intel Program License 
Subscription Agreement, the Intel Quartus Prime License Agreement,
the Intel FPGA IP License Agreement, or other applicable license
agreement, including, without limitation, that your use is for
the sole purpose of programming logic devices manufactured by
Intel and sold by Intel or its authorized distributors.  Please
refer to the applicable agreement for further details.



+----------------------------------------------------------------------------------+
; Analysis & Synthesis Summary                                                     ;
+------------------------------------+---------------------------------------------+
; Analysis & Synthesis Status        ; Successful - Wed Jul 12 19:33:37 2023       ;
; Quartus Prime Version              ; 18.1.0 Build 625 09/12/2018 SJ Lite Edition ;
; Revision Name                      ; key_xd_seg                                  ;
; Top-level Entity Name              ; key_xd_seg                                  ;
; Family                             ; Cyclone IV E                                ;
; Total logic elements               ; 262                                         ;
;     Total combinational functions  ; 258                                         ;
;     Dedicated logic registers      ; 134                                         ;
; Total registers                    ; 134                                         ;
; Total pins                         ; 20                                          ;
; Total virtual pins                 ; 0                                           ;
; Total memory bits                  ; 0                                           ;
; Embedded Multiplier 9-bit elements ; 0                                           ;
; Total PLLs                         ; 0                                           ;
+------------------------------------+---------------------------------------------+


+------------------------------------------------------------------------------------------------------------+
; Analysis & Synthesis Settings                                                                              ;
+------------------------------------------------------------------+--------------------+--------------------+
; Option                                                           ; Setting            ; Default Value      ;
+------------------------------------------------------------------+--------------------+--------------------+
; Device                                                           ; EP4CE15F23C8       ;                    ;
; Top-level entity name                                            ; key_xd_seg         ; key_xd_seg         ;
; Family name                                                      ; Cyclone IV E       ; Cyclone V          ;
; Use smart compilation                                            ; Off                ; Off                ;
; Enable parallel Assembler and Timing Analyzer during compilation ; On                 ; On                 ;
; Enable compact report table                                      ; Off                ; Off                ;
; Restructure Multiplexers                                         ; Auto               ; Auto               ;
; Create Debugging Nodes for IP Cores                              ; Off                ; Off                ;
; Preserve fewer node names                                        ; On                 ; On                 ;
; Intel FPGA IP Evaluation Mode                                    ; Enable             ; Enable             ;
; Verilog Version                                                  ; Verilog_2001       ; Verilog_2001       ;
; VHDL Version                                                     ; VHDL_1993          ; VHDL_1993          ;
; State Machine Processing                                         ; Auto               ; Auto               ;
; Safe State Machine                                               ; Off                ; Off                ;
; Extract Verilog State Machines                                   ; On                 ; On                 ;
; Extract VHDL State Machines                                      ; On                 ; On                 ;
; Ignore Verilog initial constructs                                ; Off                ; Off                ;
; Iteration limit for constant Verilog loops                       ; 5000               ; 5000               ;
; Iteration limit for non-constant Verilog loops                   ; 250                ; 250                ;
; Add Pass-Through Logic to Inferred RAMs                          ; On                 ; On                 ;
; Infer RAMs from Raw Logic                                        ; On                 ; On                 ;
; Parallel Synthesis                                               ; On                 ; On                 ;
; DSP Block Balancing                                              ; Auto               ; Auto               ;
; NOT Gate Push-Back                                               ; On                 ; On                 ;
; Power-Up Don't Care                                              ; On                 ; On                 ;
; Remove Redundant Logic Cells                                     ; Off                ; Off                ;
; Remove Duplicate Registers                                       ; On                 ; On                 ;
; Ignore CARRY Buffers                                             ; Off                ; Off                ;
; Ignore CASCADE Buffers                                           ; Off                ; Off                ;
; Ignore GLOBAL Buffers                                            ; Off                ; Off                ;
; Ignore ROW GLOBAL Buffers                                        ; Off                ; Off                ;
; Ignore LCELL Buffers                                             ; Off                ; Off                ;
; Ignore SOFT Buffers                                              ; On                 ; On                 ;
; Limit AHDL Integers to 32 Bits                                   ; Off                ; Off                ;
; Optimization Technique                                           ; Balanced           ; Balanced           ;
; Carry Chain Length                                               ; 70                 ; 70                 ;
; Auto Carry Chains                                                ; On                 ; On                 ;
; Auto Open-Drain Pins                                             ; On                 ; On                 ;
; Perform WYSIWYG Primitive Resynthesis                            ; Off                ; Off                ;
; Auto ROM Replacement                                             ; On                 ; On                 ;
; Auto RAM Replacement                                             ; On                 ; On                 ;
; Auto DSP Block Replacement                                       ; On                 ; On                 ;
; Auto Shift Register Replacement                                  ; Auto               ; Auto               ;
; Allow Shift Register Merging across Hierarchies                  ; Auto               ; Auto               ;
; Auto Clock Enable Replacement                                    ; On                 ; On                 ;
; Strict RAM Replacement                                           ; Off                ; Off                ;
; Allow Synchronous Control Signals                                ; On                 ; On                 ;
; Force Use of Synchronous Clear Signals                           ; Off                ; Off                ;
; Auto RAM Block Balancing                                         ; On                 ; On                 ;
; Auto RAM to Logic Cell Conversion                                ; Off                ; Off                ;
; Auto Resource Sharing                                            ; Off                ; Off                ;
; Allow Any RAM Size For Recognition                               ; Off                ; Off                ;
; Allow Any ROM Size For Recognition                               ; Off                ; Off                ;
; Allow Any Shift Register Size For Recognition                    ; Off                ; Off                ;
; Use LogicLock Constraints during Resource Balancing              ; On                 ; On                 ;
; Ignore translate_off and synthesis_off directives                ; Off                ; Off                ;
; Timing-Driven Synthesis                                          ; On                 ; On                 ;
; Report Parameter Settings                                        ; On                 ; On                 ;
; Report Source Assignments                                        ; On                 ; On                 ;
; Report Connectivity Checks                                       ; On                 ; On                 ;
; Ignore Maximum Fan-Out Assignments                               ; Off                ; Off                ;
; Synchronization Register Chain Length                            ; 2                  ; 2                  ;
; Power Optimization During Synthesis                              ; Normal compilation ; Normal compilation ;
; HDL message level                                                ; Level2             ; Level2             ;
; Suppress Register Optimization Related Messages                  ; Off                ; Off                ;
; Number of Removed Registers Reported in Synthesis Report         ; 5000               ; 5000               ;
; Number of Swept Nodes Reported in Synthesis Report               ; 5000               ; 5000               ;
; Number of Inverted Registers Reported in Synthesis Report        ; 100                ; 100                ;
; Clock MUX Protection                                             ; On                 ; On                 ;
; Auto Gated Clock Conversion                                      ; Off                ; Off                ;
; Block Design Naming                                              ; Auto               ; Auto               ;
; SDC constraint protection                                        ; Off                ; Off                ;
; Synthesis Effort                                                 ; Auto               ; Auto               ;
; Shift Register Replacement - Allow Asynchronous Clear Signal     ; On                 ; On                 ;
; Pre-Mapping Resynthesis Optimization                             ; Off                ; Off                ;
; Analysis & Synthesis Message Level                               ; Medium             ; Medium             ;
; Disable Register Merging Across Hierarchies                      ; Auto               ; Auto               ;
; Resource Aware Inference For Block RAM                           ; On                 ; On                 ;
+------------------------------------------------------------------+--------------------+--------------------+


+------------------------------------------+
; Parallel Compilation                     ;
+----------------------------+-------------+
; Processors                 ; Number      ;
+----------------------------+-------------+
; Number detected on machine ; 8           ;
; Maximum allowed            ; 4           ;
;                            ;             ;
; Average used               ; 1.00        ;
; Maximum used               ; 4           ;
;                            ;             ;
; Usage by Processor         ; % Time Used ;
;     Processor 1            ; 100.0%      ;
;     Processors 2-4         ;   0.0%      ;
+----------------------------+-------------+


+-----------------------------------------------------------------------------------------------------------------------------------+
; Analysis & Synthesis Source Files Read                                                                                            ;
+----------------------------------+-----------------+------------------------------+-------------------------------------+---------+
; File Name with User-Entered Path ; Used in Netlist ; File Type                    ; File Name with Absolute Path        ; Library ;
+----------------------------------+-----------------+------------------------------+-------------------------------------+---------+
; key_xd.v                         ; yes             ; User Verilog HDL File        ; D:/mdy_book/key_xd_seg/key_xd.v     ;         ;
; key_xd_seg.v                     ; yes             ; Auto-Found Verilog HDL File  ; D:/mdy_book/key_xd_seg/key_xd_seg.v ;         ;
+----------------------------------+-----------------+------------------------------+-------------------------------------+---------+


+---------------------------------------------------------+
; Analysis & Synthesis Resource Usage Summary             ;
+---------------------------------------------+-----------+
; Resource                                    ; Usage     ;
+---------------------------------------------+-----------+
; Estimated Total logic elements              ; 262       ;
;                                             ;           ;
; Total combinational functions               ; 258       ;
; Logic element usage by number of LUT inputs ;           ;
;     -- 4 input functions                    ; 94        ;
;     -- 3 input functions                    ; 34        ;
;     -- <=2 input functions                  ; 130       ;
;                                             ;           ;
; Logic elements by mode                      ;           ;
;     -- normal mode                          ; 180       ;
;     -- arithmetic mode                      ; 78        ;
;                                             ;           ;
; Total registers                             ; 134       ;
;     -- Dedicated logic registers            ; 134       ;
;     -- I/O registers                        ; 0         ;
;                                             ;           ;
; I/O pins                                    ; 20        ;
;                                             ;           ;
; Embedded Multiplier 9-bit elements          ; 0         ;
;                                             ;           ;
; Maximum fan-out node                        ; clk~input ;
; Maximum fan-out                             ; 134       ;
; Total fan-out                               ; 1243      ;
; Average fan-out                             ; 2.88      ;
+---------------------------------------------+-----------+


+----------------------------------------------------------------------------------------------------------------------------------------------------------------------------------------------------------------+
; Analysis & Synthesis Resource Utilization by Entity                                                                                                                                                            ;
+----------------------------+---------------------+---------------------------+-------------+--------------+---------+-----------+------+--------------+---------------------------+-------------+--------------+
; Compilation Hierarchy Node ; Combinational ALUTs ; Dedicated Logic Registers ; Memory Bits ; DSP Elements ; DSP 9x9 ; DSP 18x18 ; Pins ; Virtual Pins ; Full Hierarchy Name       ; Entity Name ; Library Name ;
+----------------------------+---------------------+---------------------------+-------------+--------------+---------+-----------+------+--------------+---------------------------+-------------+--------------+
; |key_xd_seg                ; 258 (202)           ; 134 (104)                 ; 0           ; 0            ; 0       ; 0         ; 20   ; 0            ; |key_xd_seg               ; key_xd_seg  ; work         ;
;    |key_xd:key_xd|         ; 56 (56)             ; 30 (30)                   ; 0           ; 0            ; 0       ; 0         ; 0    ; 0            ; |key_xd_seg|key_xd:key_xd ; key_xd      ; work         ;
+----------------------------+---------------------+---------------------------+-------------+--------------+---------+-----------+------+--------------+---------------------------+-------------+--------------+
Note: For table entries with two numbers listed, the numbers in parentheses indicate the number of resources of the given type used by the specific entity alone. The numbers listed outside of parentheses indicate the total resources of the given type used by the specific entity and all of its sub-entities in the hierarchy.


+------------------------------------------------------+
; General Register Statistics                          ;
+----------------------------------------------+-------+
; Statistic                                    ; Value ;
+----------------------------------------------+-------+
; Total registers                              ; 134   ;
; Number of registers using Synchronous Clear  ; 0     ;
; Number of registers using Synchronous Load   ; 3     ;
; Number of registers using Asynchronous Clear ; 134   ;
; Number of registers using Asynchronous Load  ; 0     ;
; Number of registers using Clock Enable       ; 73    ;
; Number of registers using Preset             ; 0     ;
+----------------------------------------------+-------+


+---------------------------------------------------+
; Inverted Register Statistics                      ;
+-----------------------------------------+---------+
; Inverted Register                       ; Fan out ;
+-----------------------------------------+---------+
; seg_sel[0]~reg0                         ; 1       ;
; seg_sel[1]~reg0                         ; 1       ;
; seg_sel[2]~reg0                         ; 1       ;
; seg_sel[3]~reg0                         ; 1       ;
; seg_sel[4]~reg0                         ; 1       ;
; seg_sel[5]~reg0                         ; 1       ;
; seg_sel[6]~reg0                         ; 1       ;
; seg_sel[7]~reg0                         ; 1       ;
; segment[0]~reg0                         ; 2       ;
; hou_seg_1[0]                            ; 4       ;
; hou_seg_2[1]                            ; 4       ;
; hou_seg_1[1]                            ; 3       ;
; key_xd:key_xd|key_in_ff1[1]             ; 3       ;
; key_xd:key_xd|key_in_ff1[2]             ; 3       ;
; key_xd:key_xd|key_in_ff1[0]             ; 3       ;
; key_xd:key_xd|key_in_ff0[1]             ; 1       ;
; key_xd:key_xd|key_in_ff0[2]             ; 1       ;
; key_xd:key_xd|key_in_ff0[0]             ; 1       ;
; Total number of inverted registers = 18 ;         ;
+-----------------------------------------+---------+


+-------------------------------------------------------------------------------------------------------------------------------------------+
; Multiplexer Restructuring Statistics (Restructuring Performed)                                                                            ;
+--------------------+-----------+---------------+----------------------+------------------------+------------+-----------------------------+
; Multiplexer Inputs ; Bus Width ; Baseline Area ; Area if Restructured ; Saving if Restructured ; Registered ; Example Multiplexer Output  ;
+--------------------+-----------+---------------+----------------------+------------------------+------------+-----------------------------+
; 16:1               ; 6 bits    ; 60 LEs        ; 42 LEs               ; 18 LEs                 ; Yes        ; |key_xd_seg|segment[6]~reg0 ;
; 14:1               ; 2 bits    ; 18 LEs        ; 16 LEs               ; 2 LEs                  ; No         ; |key_xd_seg|Mux9            ;
+--------------------+-----------+---------------+----------------------+------------------------+------------+-----------------------------+


+------------------------------------------------------------+
; Parameter Settings for User Entity Instance: key_xd:key_xd ;
+----------------+---------+---------------------------------+
; Parameter Name ; Value   ; Type                            ;
+----------------+---------+---------------------------------+
; DATA_W         ; 20      ; Signed Integer                  ;
; KEY_W          ; 3       ; Signed Integer                  ;
; TIME_20MS      ; 1000000 ; Signed Integer                  ;
+----------------+---------+---------------------------------+
Note: In order to hide this table in the UI and the text report file, please set the "Show Parameter Settings in Synthesis Report" option in "Analysis and Synthesis Settings -> More Settings" to "Off".


+-----------------------------------------------------+
; Post-Synthesis Netlist Statistics for Top Partition ;
+-----------------------+-----------------------------+
; Type                  ; Count                       ;
+-----------------------+-----------------------------+
; boundary_port         ; 20                          ;
; cycloneiii_ff         ; 134                         ;
;     CLR               ; 61                          ;
;     ENA CLR           ; 70                          ;
;     ENA CLR SLD       ; 3                           ;
; cycloneiii_lcell_comb ; 267                         ;
;     arith             ; 78                          ;
;         2 data inputs ; 78                          ;
;     normal            ; 189                         ;
;         1 data inputs ; 20                          ;
;         2 data inputs ; 41                          ;
;         3 data inputs ; 34                          ;
;         4 data inputs ; 94                          ;
;                       ;                             ;
; Max LUT depth         ; 9.00                        ;
; Average LUT depth     ; 4.22                        ;
+-----------------------+-----------------------------+


+-------------------------------+
; Elapsed Time Per Partition    ;
+----------------+--------------+
; Partition Name ; Elapsed Time ;
+----------------+--------------+
; Top            ; 00:00:00     ;
+----------------+--------------+


+-------------------------------+
; Analysis & Synthesis Messages ;
+-------------------------------+
Info: *******************************************************************
Info: Running Quartus Prime Analysis & Synthesis
    Info: Version 18.1.0 Build 625 09/12/2018 SJ Lite Edition
    Info: Processing started: Wed Jul 12 19:33:27 2023
Info: Command: quartus_map --read_settings_files=on --write_settings_files=off key_xd_seg -c key_xd_seg
Warning (18236): Number of processors has not been specified which may cause overloading on shared machines.  Set the global assignment NUM_PARALLEL_PROCESSORS in your QSF to an appropriate value for best performance.
Info (20030): Parallel compilation is enabled and will use 4 of the 4 processors detected
Info (12021): Found 1 design units, including 1 entities, in source file key_xd.v
    Info (12023): Found entity 1: key_xd File: D:/mdy_book/key_xd_seg/key_xd.v Line: 1
Warning (12125): Using design file key_xd_seg.v, which is not specified as a design file for the current project, but contains definitions for 1 design units and 1 entities in project
    Info (12023): Found entity 1: key_xd_seg File: D:/mdy_book/key_xd_seg/key_xd_seg.v Line: 1
Info (12127): Elaborating entity "key_xd_seg" for the top level hierarchy
Warning (10230): Verilog HDL assignment warning at key_xd_seg.v(37): truncated value with size 32 to match size of target (10) File: D:/mdy_book/key_xd_seg/key_xd_seg.v Line: 37
Warning (10230): Verilog HDL assignment warning at key_xd_seg.v(51): truncated value with size 32 to match size of target (3) File: D:/mdy_book/key_xd_seg/key_xd_seg.v Line: 51
Warning (10230): Verilog HDL assignment warning at key_xd_seg.v(123): truncated value with size 32 to match size of target (26) File: D:/mdy_book/key_xd_seg/key_xd_seg.v Line: 123
Warning (10230): Verilog HDL assignment warning at key_xd_seg.v(149): truncated value with size 32 to match size of target (26) File: D:/mdy_book/key_xd_seg/key_xd_seg.v Line: 149
Warning (10230): Verilog HDL assignment warning at key_xd_seg.v(167): truncated value with size 32 to match size of target (4) File: D:/mdy_book/key_xd_seg/key_xd_seg.v Line: 167
Warning (10230): Verilog HDL assignment warning at key_xd_seg.v(185): truncated value with size 32 to match size of target (3) File: D:/mdy_book/key_xd_seg/key_xd_seg.v Line: 185
Warning (10230): Verilog HDL assignment warning at key_xd_seg.v(203): truncated value with size 32 to match size of target (4) File: D:/mdy_book/key_xd_seg/key_xd_seg.v Line: 203
Warning (10230): Verilog HDL assignment warning at key_xd_seg.v(221): truncated value with size 32 to match size of target (3) File: D:/mdy_book/key_xd_seg/key_xd_seg.v Line: 221
Warning (10230): Verilog HDL assignment warning at key_xd_seg.v(241): truncated value with size 32 to match size of target (2) File: D:/mdy_book/key_xd_seg/key_xd_seg.v Line: 241
Warning (10230): Verilog HDL assignment warning at key_xd_seg.v(259): truncated value with size 32 to match size of target (2) File: D:/mdy_book/key_xd_seg/key_xd_seg.v Line: 259
Warning (10230): Verilog HDL assignment warning at key_xd_seg.v(417): truncated value with size 32 to match size of target (3) File: D:/mdy_book/key_xd_seg/key_xd_seg.v Line: 417
Info (12128): Elaborating entity "key_xd" for hierarchy "key_xd:key_xd" File: D:/mdy_book/key_xd_seg/key_xd_seg.v Line: 28
Info (13000): Registers with preset signals will power-up high File: D:/mdy_book/key_xd_seg/key_xd_seg.v Line: 64
Info (13003): DEV_CLRn pin will set, and not reset, register with preset signal due to NOT Gate Push-Back
Info (286030): Timing-Driven Synthesis is running
Info (16010): Generating hard_block partition "hard_block:auto_generated_inst"
    Info (16011): Adding 0 node(s), including 0 DDIO, 0 PLL, 0 transceiver and 0 LCELL
Info (21057): Implemented 283 device resources after synthesis - the final resource count might be different
    Info (21058): Implemented 5 input pins
    Info (21059): Implemented 15 output pins
    Info (21061): Implemented 263 logic cells
Info: Quartus Prime Analysis & Synthesis was successful. 0 errors, 13 warnings
    Info: Peak virtual memory: 4765 megabytes
    Info: Processing ended: Wed Jul 12 19:33:37 2023
    Info: Elapsed time: 00:00:10
    Info: Total CPU time (on all processors): 00:00:22


